<?xml version="1.0" encoding="UTF-8"?>
<!-- Generated by org.testng.reporters.JUnitXMLReporter -->
<testsuite hostname="Rahul07" ignored="0" name="Parallel Testing using Methods" tests="3" failures="0" timestamp="17 Sep 2018 10:20:20 GMT" time="0.05" errors="0">
  <testcase name="SnippingToolTesting" time="0.011" classname="MavenScripDemo.MavenProject.ParallelTestingUsingMethods"/>
  <testcase name="MsWordTesting" time="0.011" classname="MavenScripDemo.MavenProject.ParallelTestingUsingMethods"/>
  <testcase name="MSExcelTesting" time="0.011" classname="MavenScripDemo.MavenProject.ParallelTestingUsingMethods"/>
</testsuite> <!-- Parallel Testing using Methods -->
