<?xml version="1.0" encoding="UTF-8"?>
<!-- Generated by org.testng.reporters.JUnitXMLReporter -->
<testsuite hostname="Rahul07" ignored="2" name="Testing of SnippingToolTesting" tests="1" failures="0" timestamp="17 Sep 2018 10:28:40 GMT" time="0.055" errors="0">
  <testcase name="SnippingToolTesting" time="0.011" classname="MavenScripDemo.MavenProject.ParallelTestingUsingMethods"/>
  <testcase name="MsWordTesting" time="0.0" classname="MavenScripDemo.MavenProject.ParallelTestingUsingMethods">
    <ignored/>
  </testcase> <!-- MsWordTesting -->
  <testcase name="MSExcelTesting" time="0.0" classname="MavenScripDemo.MavenProject.ParallelTestingUsingMethods">
    <ignored/>
  </testcase> <!-- MSExcelTesting -->
</testsuite> <!-- Testing of SnippingToolTesting -->
